Using pre-set license

 COMMAND LINE ARGUMENTS:
/Applications/Unity/Hub/Editor/2020.2.2f1/Unity.app/Contents/MacOS/Unity
-adb2
-batchMode
-noUpm
-name
AssetImportWorker0
-projectPath
/Users/mohamza/var-assignment-vqwh89
-logFile
Logs/AssetImportWorker0.log
-srvPort
53261
Successfully changed project path to: /Users/mohamza/var-assignment-vqwh89
/Users/mohamza/var-assignment-vqwh89
Using Asset Import Pipeline V2.
Refreshing native plugins compatible for Editor in 22.13 ms, found 1 plugins.
Preloading 0 native plugins for Editor in 0.00 ms.
Initialize engine version: 2020.2.2f1 (068178b99f32)
[Subsystems] Discovering subsystems at path /Applications/Unity/Hub/Editor/2020.2.2f1/Unity.app/Contents/Resources/UnitySubsystems
[Subsystems] Discovering subsystems at path /Users/mohamza/var-assignment-vqwh89/Assets
GfxDevice: creating device client; threaded=0
2021-05-20 12:24:42.598 Unity[27841:1922078] iMac preferred device: AMD Radeon Pro 570X (high power)
2021-05-20 12:24:42.598 Unity[27841:1922078] Metal devices available: 1
2021-05-20 12:24:42.598 Unity[27841:1922078] 0: AMD Radeon Pro 570X (high power)
2021-05-20 12:24:42.598 Unity[27841:1922078] Using device AMD Radeon Pro 570X (high power)
Initializing Metal device caps: AMD Radeon Pro 570X
Initialize mono
Mono path[0] = '/Applications/Unity/Hub/Editor/2020.2.2f1/Unity.app/Contents/Managed'
Mono path[1] = '/Applications/Unity/Hub/Editor/2020.2.2f1/Unity.app/Contents/MonoBleedingEdge/lib/mono/unityjit'
Mono config path = '/Applications/Unity/Hub/Editor/2020.2.2f1/Unity.app/Contents/MonoBleedingEdge/etc'
Using monoOptions --debugger-agent=transport=dt_socket,embedding=1,server=y,suspend=n,address=127.0.0.1:56841
Begin MonoManager ReloadAssembly
Registering precompiled unity dll's ...
Register platform support module: /Applications/Unity/Hub/Editor/2020.2.2f1/Unity.app/Contents/PlaybackEngines/MacStandaloneSupport/UnityEditor.OSXStandalone.Extensions.dll
Registered in 0.000600 seconds.
Native extension for OSXStandalone target not found
Refreshing native plugins compatible for Editor in 22.37 ms, found 1 plugins.
Preloading 0 native plugins for Editor in 0.00 ms.
Invoked RoslynAnalysisRunner static constructor.
RoslynAnalysisRunner will not be running.
RoslynAnalysisRunner has terminated.
Mono: successfully reloaded assembly
- Completed reload, in  1.762 seconds
Platform modules already initialized, skipping
Registering precompiled user dll's ...
Registered in 0.000324 seconds.
Begin MonoManager ReloadAssembly
Native extension for OSXStandalone target not found
Refreshing native plugins compatible for Editor in 0.19 ms, found 1 plugins.
Preloading 0 native plugins for Editor in 0.00 ms.
Invoked RoslynAnalysisRunner static constructor.
RoslynAnalysisRunner will not be running.
RoslynAnalysisRunner has terminated.
Mono: successfully reloaded assembly
- Completed reload, in  0.862 seconds
Platform modules already initialized, skipping
========================================================================
Worker process is ready to serve import requests
Launching external process: /Applications/Unity/Hub/Editor/2020.2.2f1/Unity.app/Contents/Tools/UnityShaderCompiler
Launched and connected shader compiler UnityShaderCompiler after 0.01 seconds
Refreshing native plugins compatible for Editor in 0.18 ms, found 1 plugins.
Preloading 0 native plugins for Editor in 0.00 ms.
Unloading 1124 Unused Serialized files (Serialized files now loaded: 0)
System memory in use before: 110.6 MB.
System memory in use after: 110.7 MB.

Unloading 9 unused Assets to reduce memory usage. Loaded Objects now: 1569.
Total: 2.087937 ms (FindLiveObjects: 0.208566 ms CreateObjectMapping: 0.058640 ms MarkObjects: 1.743359 ms  DeleteObjects: 0.075901 ms)

========================================================================
Received Import Request.
  path: Assets/Q1/Cube Material.mat
  artifactKey: Guid(b19546cc2c36447e9bad9fdc2a3aa4dd) Importer(815301076,1909f56bfc062723c751e8b465ee728b)
Start importing Assets/Q1/Cube Material.mat using Guid(b19546cc2c36447e9bad9fdc2a3aa4dd) Importer(815301076,1909f56bfc062723c751e8b465ee728b)  -> (artifact id: 'bf4c5a3c9381fa7e83a9d4095f5df668') in 1.186313 seconds
  Import took 1.188759 seconds .

========================================================================
Received Import Request.
  Time since last request: 0.669888 seconds.
  path: Assets/Q1/Cube Material.mat
  artifactKey: Guid(b19546cc2c36447e9bad9fdc2a3aa4dd) Importer(815301076,1909f56bfc062723c751e8b465ee728b)
Start importing Assets/Q1/Cube Material.mat using Guid(b19546cc2c36447e9bad9fdc2a3aa4dd) Importer(815301076,1909f56bfc062723c751e8b465ee728b)  -> (artifact id: 'bf4c5a3c9381fa7e83a9d4095f5df668') in 0.009937 seconds
  Import took 0.011745 seconds .

========================================================================
Received Prepare
Registering precompiled user dll's ...
Registered in 0.000290 seconds.
Begin MonoManager ReloadAssembly
Native extension for OSXStandalone target not found
Refreshing native plugins compatible for Editor in 0.19 ms, found 1 plugins.
Preloading 0 native plugins for Editor in 0.00 ms.
Invoked RoslynAnalysisRunner static constructor.
RoslynAnalysisRunner will not be running.
RoslynAnalysisRunner has terminated.
Mono: successfully reloaded assembly
- Completed reload, in  0.794 seconds
Platform modules already initialized, skipping
Refreshing native plugins compatible for Editor in 0.19 ms, found 1 plugins.
Preloading 0 native plugins for Editor in 0.00 ms.
Unloading 1112 Unused Serialized files (Serialized files now loaded: 0)
System memory in use before: 118.7 MB.
System memory in use after: 118.8 MB.

Unloading 4 unused Assets to reduce memory usage. Loaded Objects now: 1612.
Total: 2.002222 ms (FindLiveObjects: 0.188139 ms CreateObjectMapping: 0.054483 ms MarkObjects: 1.743089 ms  DeleteObjects: 0.015329 ms)

